<?xml version="1.0" encoding="UTF-8"?>
<testng-results ignored="0" total="1" passed="1" failed="0" skipped="0">
  <reporter-output>
  </reporter-output>
  <suite started-at="2023-06-21T11:17:32 IST" name="Default suite" finished-at="2023-06-21T11:17:32 IST" duration-ms="46">
    <groups>
    </groups>
    <test started-at="2023-06-21T11:17:32 IST" name="Default test" finished-at="2023-06-21T11:17:32 IST" duration-ms="46">
      <class name="com.OnlineEmart.ParameterTest">
        <test-method signature="ParametersConfiguration()[pri:0, instance:com.OnlineEmart.ParameterTest@be64738]" started-at="2023-06-21T11:17:32 IST" name="ParametersConfiguration" finished-at="2023-06-21T11:17:32 IST" duration-ms="8" status="PASS">
          <reporter-output>
          </reporter-output>
        </test-method> <!-- ParametersConfiguration -->
      </class> <!-- com.OnlineEmart.ParameterTest -->
    </test> <!-- Default test -->
  </suite> <!-- Default suite -->
</testng-results>
